<?xml version="1.0" encoding="UTF-8"?>
<!-- Generated by org.testng.reporters.JUnitXMLReporter -->
<testsuite hostname="Nikhils-MacBook-Pro.local" ignored="0" name="Default test" tests="5" failures="0" timestamp="02 Dec 2017 18:30:23 GMT" time="0.642" errors="0">
  <testcase name="save_UserAlreadyExistsException_Test" time="0.016" classname="org.neptune.service.tests.TestNGDemo"/>
  <testcase name="save_invalidEmail_Test" time="0.001" classname="org.neptune.service.tests.TestNGDemo"/>
  <testcase name="save_invalidFirstName_Test" time="0.001" classname="org.neptune.service.tests.TestNGDemo"/>
  <testcase name="save_invalidLastName_Test" time="0.001" classname="org.neptune.service.tests.TestNGDemo"/>
  <testcase name="save_invalidUserId_Test" time="0.001" classname="org.neptune.service.tests.TestNGDemo"/>
</testsuite> <!-- Default test -->
